JavaScript warning: https://pagead2.googlesyndication.com/bg/GJT0WnMclUfjigzc-RvzjNASsAJFjkojKCqU8FDpIb0.js line 1 > eval line 2349 > eval line 1 > eval, line 1: WebGL warning: <Create>: Can't use WebGL in headless mode (https://bugzil.la/1375585).
JavaScript warning: https://pagead2.googlesyndication.com/bg/GJT0WnMclUfjigzc-RvzjNASsAJFjkojKCqU8FDpIb0.js line 1 > eval line 2349 > eval line 1 > eval, line 1: Failed to create WebGL context: WebGL creation failed: 
* Can't use WebGL in headless mode (https://bugzil.la/1375585).
JavaScript warning: https://pagead2.googlesyndication.com/bg/GJT0WnMclUfjigzc-RvzjNASsAJFjkojKCqU8FDpIb0.js line 1 > eval line 1279 > eval line 1 > eval, line 1: WebGL warning: <Create>: Can't use WebGL in headless mode (https://bugzil.la/1375585).
JavaScript warning: https://pagead2.googlesyndication.com/bg/GJT0WnMclUfjigzc-RvzjNASsAJFjkojKCqU8FDpIb0.js line 1 > eval line 1279 > eval line 1 > eval, line 1: Failed to create WebGL context: WebGL creation failed: 
* Can't use WebGL in headless mode (https://bugzil.la/1375585).
JavaScript warning: https://pagead2.googlesyndication.com/bg/GJT0WnMclUfjigzc-RvzjNASsAJFjkojKCqU8FDpIb0.js line 1 > eval line 4879 > eval, line 1: WebGL warning: <Create>: Can't use WebGL in headless mode (https://bugzil.la/1375585).
JavaScript warning: https://pagead2.googlesyndication.com/bg/GJT0WnMclUfjigzc-RvzjNASsAJFjkojKCqU8FDpIb0.js line 1 > eval line 4879 > eval, line 1: Failed to create WebGL context: WebGL creation failed: 
* Can't use WebGL in headless mode (https://bugzil.la/1375585).
JavaScript warning: https://pagead2.googlesyndication.com/bg/GJT0WnMclUfjigzc-RvzjNASsAJFjkojKCqU8FDpIb0.js line 1 > eval line 960 > eval, line 1: WebGL warning: <Create>: Can't use WebGL in headless mode (https://bugzil.la/1375585).
JavaScript warning: https://pagead2.googlesyndication.com/bg/GJT0WnMclUfjigzc-RvzjNASsAJFjkojKCqU8FDpIb0.js line 1 > eval line 960 > eval, line 1: Failed to create WebGL context: WebGL creation failed: 
* Can't use WebGL in headless mode (https://bugzil.la/1375585).
JavaScript warning: https://pagead2.googlesyndication.com/bg/GJT0WnMclUfjigzc-RvzjNASsAJFjkojKCqU8FDpIb0.js line 1 > eval line 1083 > eval, line 1: WebGL warning: <Create>: Can't use WebGL in headless mode (https://bugzil.la/1375585).
JavaScript warning: https://pagead2.googlesyndication.com/bg/GJT0WnMclUfjigzc-RvzjNASsAJFjkojKCqU8FDpIb0.js line 1 > eval line 1083 > eval, line 1: Failed to create WebGL context: WebGL creation failed: 
* Can't use WebGL in headless mode (https://bugzil.la/1375585).
JavaScript warning: https://pagead2.googlesyndication.com/bg/GJT0WnMclUfjigzc-RvzjNASsAJFjkojKCqU8FDpIb0.js line 1 > eval line 6933 > eval line 1 > eval, line 1: WebGL warning: <Create>: Can't use WebGL in headless mode (https://bugzil.la/1375585).
JavaScript warning: https://pagead2.googlesyndication.com/bg/GJT0WnMclUfjigzc-RvzjNASsAJFjkojKCqU8FDpIb0.js line 1 > eval line 6933 > eval line 1 > eval, line 1: Failed to create WebGL context: WebGL creation failed: 
* Can't use WebGL in headless mode (https://bugzil.la/1375585).
JavaScript warning: https://pagead2.googlesyndication.com/bg/GJT0WnMclUfjigzc-RvzjNASsAJFjkojKCqU8FDpIb0.js line 1 > eval line 3363 > eval, line 1: WebGL warning: <Create>: Can't use WebGL in headless mode (https://bugzil.la/1375585).
JavaScript warning: https://pagead2.googlesyndication.com/bg/GJT0WnMclUfjigzc-RvzjNASsAJFjkojKCqU8FDpIb0.js line 1 > eval line 3363 > eval, line 1: Failed to create WebGL context: WebGL creation failed: 
* Can't use WebGL in headless mode (https://bugzil.la/1375585).
JavaScript warning: https://pagead2.googlesyndication.com/bg/GJT0WnMclUfjigzc-RvzjNASsAJFjkojKCqU8FDpIb0.js line 1 > eval line 565 > eval line 1 > eval, line 1: WebGL warning: <Create>: Can't use WebGL in headless mode (https://bugzil.la/1375585).
JavaScript warning: https://pagead2.googlesyndication.com/bg/GJT0WnMclUfjigzc-RvzjNASsAJFjkojKCqU8FDpIb0.js line 1 > eval line 565 > eval line 1 > eval, line 1: Failed to create WebGL context: WebGL creation failed: 
* Can't use WebGL in headless mode (https://bugzil.la/1375585).
JavaScript warning: https://pagead2.googlesyndication.com/bg/GJT0WnMclUfjigzc-RvzjNASsAJFjkojKCqU8FDpIb0.js line 1 > eval line 6081 > eval, line 1: WebGL warning: <Create>: Can't use WebGL in headless mode (https://bugzil.la/1375585).
JavaScript warning: https://pagead2.googlesyndication.com/bg/GJT0WnMclUfjigzc-RvzjNASsAJFjkojKCqU8FDpIb0.js line 1 > eval line 6081 > eval, line 1: Failed to create WebGL context: WebGL creation failed: 
* Can't use WebGL in headless mode (https://bugzil.la/1375585).
JavaScript warning: https://pagead2.googlesyndication.com/bg/GJT0WnMclUfjigzc-RvzjNASsAJFjkojKCqU8FDpIb0.js line 1 > eval line 3819 > eval, line 1: WebGL warning: <Create>: Can't use WebGL in headless mode (https://bugzil.la/1375585).
JavaScript warning: https://pagead2.googlesyndication.com/bg/GJT0WnMclUfjigzc-RvzjNASsAJFjkojKCqU8FDpIb0.js line 1 > eval line 3819 > eval, line 1: Failed to create WebGL context: WebGL creation failed: 
* Can't use WebGL in headless mode (https://bugzil.la/1375585).
JavaScript warning: https://pagead2.googlesyndication.com/bg/GJT0WnMclUfjigzc-RvzjNASsAJFjkojKCqU8FDpIb0.js line 1 > eval line 7061 > eval line 1 > eval, line 1: WebGL warning: <Create>: Can't use WebGL in headless mode (https://bugzil.la/1375585).
JavaScript warning: https://pagead2.googlesyndication.com/bg/GJT0WnMclUfjigzc-RvzjNASsAJFjkojKCqU8FDpIb0.js line 1 > eval line 7061 > eval line 1 > eval, line 1: Failed to create WebGL context: WebGL creation failed: 
* Can't use WebGL in headless mode (https://bugzil.la/1375585).
JavaScript warning: https://pagead2.googlesyndication.com/bg/GJT0WnMclUfjigzc-RvzjNASsAJFjkojKCqU8FDpIb0.js line 1 > eval line 3272 > eval, line 1: WebGL warning: <Create>: Can't use WebGL in headless mode (https://bugzil.la/1375585).
JavaScript warning: https://pagead2.googlesyndication.com/bg/GJT0WnMclUfjigzc-RvzjNASsAJFjkojKCqU8FDpIb0.js line 1 > eval line 3272 > eval, line 1: Failed to create WebGL context: WebGL creation failed: 
* Can't use WebGL in headless mode (https://bugzil.la/1375585).
JavaScript warning: https://pagead2.googlesyndication.com/bg/GJT0WnMclUfjigzc-RvzjNASsAJFjkojKCqU8FDpIb0.js line 1 > eval line 1765 > eval, line 1: WebGL warning: <Create>: Can't use WebGL in headless mode (https://bugzil.la/1375585).
JavaScript warning: https://pagead2.googlesyndication.com/bg/GJT0WnMclUfjigzc-RvzjNASsAJFjkojKCqU8FDpIb0.js line 1 > eval line 1765 > eval, line 1: Failed to create WebGL context: WebGL creation failed: 
* Can't use WebGL in headless mode (https://bugzil.la/1375585).
JavaScript warning: https://pagead2.googlesyndication.com/bg/GJT0WnMclUfjigzc-RvzjNASsAJFjkojKCqU8FDpIb0.js line 1 > eval line 6450 > eval, line 1: WebGL warning: <Create>: Can't use WebGL in headless mode (https://bugzil.la/1375585).
JavaScript warning: https://pagead2.googlesyndication.com/bg/GJT0WnMclUfjigzc-RvzjNASsAJFjkojKCqU8FDpIb0.js line 1 > eval line 6450 > eval, line 1: Failed to create WebGL context: WebGL creation failed: 
* Can't use WebGL in headless mode (https://bugzil.la/1375585).
JavaScript warning: https://pagead2.googlesyndication.com/bg/GJT0WnMclUfjigzc-RvzjNASsAJFjkojKCqU8FDpIb0.js line 1 > eval line 6964 > eval, line 1: WebGL warning: <Create>: Can't use WebGL in headless mode (https://bugzil.la/1375585).
JavaScript warning: https://pagead2.googlesyndication.com/bg/GJT0WnMclUfjigzc-RvzjNASsAJFjkojKCqU8FDpIb0.js line 1 > eval line 6964 > eval, line 1: Failed to create WebGL context: WebGL creation failed: 
* Can't use WebGL in headless mode (https://bugzil.la/1375585).
[Child 68409, AudioIPC0] WARNING: 7f9364c23740 StateCallback() state 1 cubeb error: file /build/firefox-ZHFUPw/firefox-86.0+build3/dom/media/AudioStream.cpp:681
[Child 68409, MediaDecoderStateMachine #1] WARNING: Decoder=7f9368ca4800 [OnMediaSinkAudioError]: file /build/firefox-ZHFUPw/firefox-86.0+build3/dom/media/MediaDecoderStateMachine.cpp:3900
JavaScript error: resource://gre/modules/Sqlite.jsm, line 1030: Error: Sqlite.jsm has been shutdown. Cannot open connection to: /tmp/rust_mozprofileNul3aS/protections.sqlite
1614763082285	Marionette	INFO	Stopped listening on port 41567
