[I 210304 16:26:03 static_spider:67] {b'User-Agent': [b'Mozilla/5.0 (Linux U Android 2.1 en-us Nexus One Build/ERD62) AppleWebKit/530.17 (KHTML, like Gecko) Version/4.0 Mobile Safari/530.17'], b'Accept': [b'application/json, text/javascript, */*; q=0.01'], b'Dnt': [b'1'], b'Accept-Encoding': [b'gzip, deflate, br'], b'Accept-Language': [b'en-GB,en-US;q=0.9,en;q=0.8']}
[D 210304 16:26:03 static_spider:68] {'proxy': 'http://122.55.250.90:8080', 'download_timeout': 180.0, 'download_slot': 'www.gmanetwork.com', 'retry_times': 1, 'download_latency': 6.11185622215271}
[I 210304 16:30:05 static_spider:67] {b'User-Agent': [b'Mozilla/5.0 (X11 U Linux i686 en-US rv:0.9.4) Gecko/20011126 Netscape6/6.2.1'], b'Accept': [b'application/json, text/javascript, */*; q=0.01'], b'Dnt': [b'1'], b'Accept-Encoding': [b'gzip, deflate, br'], b'Accept-Language': [b'en-GB,en-US;q=0.9,en;q=0.8']}
[D 210304 16:30:05 static_spider:68] {'proxy': 'http://122.3.103.31:3128', 'download_timeout': 180.0, 'download_slot': 'news.abs-cbn.com', 'retry_times': 2, 'download_latency': 71.26372718811035}
[I 210304 16:32:45 static_spider:56] https://www.nytimes.com/2021/02/28/briefing/myanmar-hongkong-vaccine.html scraped...
[I 210304 16:32:46 static_spider:56] http://sailorstarcatcher.net/bpi-celebrates-national-arts-month-with-a-special-treat-for-cardholders-gives-special-offers-at-the-annual-art-in-the-park/ scraped...
[I 210304 16:32:47 static_spider:56] https://www.gmanetwork.com/news/news/nation/778111/palace-confident-of-uninterrupted-vaccination-vs-covid-19/story/?just_in scraped...
[I 210304 16:32:48 static_spider:56] https://www.nytimes.com/2021/02/28/business/media/cable-tv-streaming-discovery.html scraped...
[I 210304 16:32:48 static_spider:57] Static article scraper done...
[I 210304 16:33:04 static_spider:111] {b'User-Agent': [b'Mozilla/4.0 (compatible MSIE 7.0 Windows NT 6.1 Trident/7.0 SLCC2 .NET CLR 2.0.50727 .NET CLR 3.5.30729 .NET CLR 3.0.30729 Media Center PC 6.0'], b'Accept': [b'application/json, text/javascript, */*; q=0.01'], b'Dnt': [b'1'], b'Accept-Encoding': [b'gzip, deflate, br'], b'Accept-Language': [b'en-GB,en-US;q=0.9,en;q=0.8']}
[D 210304 16:33:04 static_spider:112] {b'Server': [b'nginx'], b'Content-Type': [b'text/html; charset=utf-8'], b'X-Nyt-Data-Last-Modified': [b'Thu, 04 Mar 2021 06:52:31 GMT'], b'Last-Modified': [b'Thu, 04 Mar 2021 06:52:31 GMT'], b'X-Scoop-Last-Modified': [b'2021-02-28T20:39:43.343Z'], b'X-Pagetype': [b'vi-story'], b'X-Xss-Protection': [b'1; mode=block'], b'X-Content-Type-Options': [b'nosniff'], b'Cache-Control': [b's-maxage=300,no-cache'], b'X-Nyt-Route': [b'vi-story'], b'X-Datadome-Timer': [b'S1614841008.187329,VS0,VE4'], b'X-Origin-Time': [b'2021-03-04 06:56:48 UTC'], b'Fastly-Restarts': [b'1'], b'Accept-Ranges': [b'bytes'], b'Date': [b'Thu, 04 Mar 2021 08:33:00 GMT'], b'Age': [b'6001'], b'X-Served-By': [b'cache-lga13622-LGA, cache-sin18045-SIN'], b'X-Cache': [b'HIT, HIT'], b'X-Cache-Hits': [b'1, 1'], b'X-Timer': [b'S1614846781.683889,VS0,VE7'], b'Vary': [b'Accept-Encoding, Fastly-SSL'], b'Set-Cookie': [b'nyt-a=JnNHJhwToYsMDskE-PhmGa; Expires=Fri, 04 Mar 2022 08:33:00 GMT; Path=/; Domain=.nytimes.com; SameSite=none; Secure', b'datadome=6XnFQRWlpbEqJJMtNSE-oP2X4UHunBLX7DJiVe3NvFXA.T7PbWvUKutdHxZOxUBLEAWnydQNPmLi8GJzXD5zym8TgoIKDkXZ.ZWJTdnzAQ; Max-Age=31536000; Domain=.nytimes.com; Path=/; Secure; SameSite=Lax', b'nyt-gdpr=0; Expires=Thu, 04 Mar 2021 14:33:00 GMT; Path=/; Domain=.nytimes.com', b'nyt-purr=cfhhpfhhhuk; Expires=Fri, 04 Mar 2022 08:33:00 GMT; Path=/; Domain=.nytimes.com; SameSite=Lax; Secure', b'nyt-us=0; Expires=Thu, 04 Mar 2021 14:33:00 GMT; Path=/; Domain=.nytimes.com', b'nyt-geo=PH; Expires=Thu, 04 Mar 2021 14:33:00 GMT; Path=/; Domain=.nytimes.com'], b'X-Datadome': [b'protected'], b'X-Gdpr': [b'0'], b'X-Frame-Options': [b'DENY'], b'Onion-Location': [b'https://www.nytimes3xbfgragh.onion/2021/02/28/briefing/myanmar-hongkong-vaccine.html'], b'X-Api-Version': [b'F-F-VI'], b'Content-Security-Policy': [b"upgrade-insecure-requests; default-src data: 'unsafe-inline' 'unsafe-eval' https:; script-src data: 'unsafe-inline' 'unsafe-eval' https: blob:; style-src data: 'unsafe-inline' https:; img-src data: https: blob:; font-src data: https:; connect-src https: wss: blob:; media-src data: https: blob:; object-src https:; child-src https: data: blob:; form-action https:; report-uri https://csp.nytimes.com/report;"], b'Strict-Transport-Security': [b'max-age=63072000; preload']}
[D 210304 16:33:04 static_spider:113] {'proxy': 'http://103.6.104.105:38898', 'download_timeout': 180.0, 'download_slot': 'www.nytimes.com', 'download_latency': 15.038151264190674, 'depth': 0}
[I 210304 16:33:08 static_spider:111] {b'User-Agent': [b'Mozilla/5.0 (Macintosh Intel Mac OS X 10_8_2) AppleWebKit/537.17 (KHTML, like Gecko) Chrome/24.0.1312.57 Safari/537.17'], b'Accept': [b'application/json, text/javascript, */*; q=0.01'], b'Dnt': [b'1'], b'Accept-Encoding': [b'gzip, deflate, br'], b'Accept-Language': [b'en-GB,en-US;q=0.9,en;q=0.8']}
[D 210304 16:33:08 static_spider:112] {b'Content-Type': [b'text/html; charset=UTF-8'], b'Date': [b'Thu, 04 Mar 2021 08:33:07 GMT'], b'Publishedtime': [b'1614734692'], b'Expires': [b'Wed, 03 Mar 2021 08:33:07 GMT'], b'Server': [b'eqmod_httpd v1.0 (author: mon sarmiento)'], b'Access-Control-Allow-Origin': [b'www.gmanetwork.com'], b'Access-Control-Allow-Methods': [b'POST, OPTIONS, GET, PUT'], b'Access-Control-Allow-Credentials': [b'true'], b'Access-Control-Allow-Headers': [b'Authorization, X-Requested-With'], b'P3P': [b'CP="NON DSP LAW CUR ADM DEV TAI PSA PSD HIS OUR DEL IND UNI PUR COM NAV INT DEM CNT STA POL HEA PRE LOC IVD SAM IVA OTC"'], b'Access-Control-Max-Age': [b'1'], b'Cache-Control': [b'max-age=120, public'], b'Etag': [b'"1614875587"'], b'X-Elapsed-Time': [b'297199 microseconds'], b'Vary': [b'Accept-Encoding'], b'X-Cache': [b'Miss from cloudfront'], b'Via': [b'1.1 62097cfb2927241f1cef662d9d792e38.cloudfront.net (CloudFront)'], b'X-Amz-Cf-Pop': [b'MNL50-C1'], b'X-Amz-Cf-Id': [b'LYhQuIWnubgT5qC81SuYeDk5iZNR8Xx0uPRznjY8cs76hRSvEanalg==']}
[D 210304 16:33:08 static_spider:113] {'proxy': 'http://122.55.250.242:8080', 'download_timeout': 180.0, 'download_slot': 'www.gmanetwork.com', 'download_latency': 20.158281326293945, 'depth': 0}
[I 210304 16:33:57 static_spider:56] https://www.nytimes.com/2021/02/28/briefing/myanmar-hongkong-vaccine.html scraped...
[I 210304 16:33:58 static_spider:56] https://www.nytimes.com/2021/02/28/podcasts/the-daily/genetics-dna-tests-ancestry.html scraped...
[I 210304 16:33:59 static_spider:56] https://www.nytimes.com/2021/02/25/podcasts/still-processing-best-of-the-archives-whitney-houston.html scraped...
[I 210304 16:34:00 static_spider:56] https://www.nytimes.com/2021/02/28/nyregion/cuomo-investigation-sex-harassment.html scraped...
[I 210304 16:34:01 static_spider:56] https://www.nytimes.com/2021/02/28/business/media/cable-tv-streaming-discovery.html scraped...
[I 210304 16:34:01 static_spider:57] Static article scraper done...
[I 210304 16:35:45 static_spider:56] https://www.nytimes.com/2021/02/28/briefing/myanmar-hongkong-vaccine.html scraped...
[I 210304 16:35:46 static_spider:56] https://www.nytimes.com/2021/02/28/podcasts/the-daily/genetics-dna-tests-ancestry.html scraped...
[I 210304 16:35:47 static_spider:56] https://www.nytimes.com/2021/02/25/podcasts/still-processing-best-of-the-archives-whitney-houston.html scraped...
[I 210304 16:35:49 static_spider:56] https://www.nytimes.com/2021/02/28/nyregion/cuomo-investigation-sex-harassment.html scraped...
[E 210304 16:35:50 static_spider:160] Skipping. Connnection error or Proxy API key expired.
[I 210304 16:36:34 static_spider:111] {b'User-Agent': [b'Mozilla/5.0 (compatible MSIE 9.0 Windows NT 6.0 Trident/5.0 SLCC1 .NET CLR 2.0.50727 Media Center PC 5.0 .NET CLR 3.5.30729 .NET CLR 3.0.30729'], b'Accept': [b'application/json, text/javascript, */*; q=0.01'], b'Dnt': [b'1'], b'Accept-Encoding': [b'gzip, deflate, br'], b'Accept-Language': [b'en-GB,en-US;q=0.9,en;q=0.8']}
[D 210304 16:36:34 static_spider:112] {b'Server': [b'nginx'], b'Content-Type': [b'text/html; charset=utf-8'], b'X-Nyt-Data-Last-Modified': [b'Thu, 04 Mar 2021 07:05:18 GMT'], b'Last-Modified': [b'Thu, 04 Mar 2021 07:05:18 GMT'], b'X-Scoop-Last-Modified': [b'2021-03-01T14:36:32.444Z'], b'X-Pagetype': [b'vi-story'], b'X-Xss-Protection': [b'1; mode=block'], b'X-Content-Type-Options': [b'nosniff'], b'Cache-Control': [b's-maxage=300,no-cache'], b'X-Nyt-Route': [b'vi-story'], b'X-Datadome-Timer': [b'S1614841809.396215,VS0,VE4'], b'X-Origin-Time': [b'2021-03-04 07:10:09 UTC'], b'Fastly-Restarts': [b'1'], b'Accept-Ranges': [b'bytes'], b'Date': [b'Thu, 04 Mar 2021 08:36:00 GMT'], b'Age': [b'5435'], b'X-Served-By': [b'cache-lga21974-LGA, cache-sin18026-SIN'], b'X-Cache': [b'HIT, HIT'], b'X-Cache-Hits': [b'1, 1'], b'X-Timer': [b'S1614846961.649757,VS0,VE7'], b'Vary': [b'Accept-Encoding, Fastly-SSL'], b'Set-Cookie': [b'nyt-a=wOlxom7UU6xprJasui0LpX; Expires=Fri, 04 Mar 2022 08:36:00 GMT; Path=/; Domain=.nytimes.com; SameSite=none; Secure', b'datadome=L7SFnO57AXLeNg~LjFbcr2mw4sNpXtJNKaa.XN6yTM5-Ki5NL9o3g7kD_6sj7nJUUnygUvS33t25zf5UC0jD7obQB31GOtg_98T4FC53Cu; Max-Age=31536000; Domain=.nytimes.com; Path=/; Secure; SameSite=Lax', b'nyt-gdpr=0; Expires=Thu, 04 Mar 2021 14:36:00 GMT; Path=/; Domain=.nytimes.com', b'nyt-purr=cfhhpfhhhuk; Expires=Fri, 04 Mar 2022 08:36:00 GMT; Path=/; Domain=.nytimes.com; SameSite=Lax; Secure', b'nyt-us=0; Expires=Thu, 04 Mar 2021 14:36:00 GMT; Path=/; Domain=.nytimes.com', b'nyt-geo=PH; Expires=Thu, 04 Mar 2021 14:36:00 GMT; Path=/; Domain=.nytimes.com'], b'X-Datadome': [b'protected'], b'X-Gdpr': [b'0'], b'X-Frame-Options': [b'DENY'], b'Onion-Location': [b'https://www.nytimes3xbfgragh.onion/2021/02/28/podcasts/the-daily/genetics-dna-tests-ancestry.html'], b'X-Api-Version': [b'F-F-VI'], b'Content-Security-Policy': [b"upgrade-insecure-requests; default-src data: 'unsafe-inline' 'unsafe-eval' https:; script-src data: 'unsafe-inline' 'unsafe-eval' https: blob:; style-src data: 'unsafe-inline' https:; img-src data: https: blob:; font-src data: https:; connect-src https: wss: blob:; media-src data: https: blob:; object-src https:; child-src https: data: blob:; form-action https:; report-uri https://csp.nytimes.com/report;"], b'Strict-Transport-Security': [b'max-age=63072000; preload']}
[D 210304 16:36:34 static_spider:113] {'proxy': 'http://202.57.37.197:59404', 'download_timeout': 180.0, 'download_slot': 'www.nytimes.com', 'download_latency': 7.80688214302063, 'depth': 0}
[I 210304 16:43:37 static_spider:111] {b'User-Agent': [b'Mozilla/5.0 (Linux U Android 2.2 ru-RU SAMSUNG GT-P1000 Tablet Build/MASTER) AppleWebKit/533.1 (KHTML, like Gecko) Version/4.0 Mobile Safari/533.1'], b'Accept': [b'application/json, text/javascript, */*; q=0.01'], b'Dnt': [b'1'], b'Accept-Encoding': [b'gzip, deflate, br'], b'Accept-Language': [b'en-GB,en-US;q=0.9,en;q=0.8']}
[D 210304 16:43:37 static_spider:112] {b'Server': [b'nginx'], b'Content-Type': [b'text/html; charset=utf-8'], b'X-Nyt-Data-Last-Modified': [b'Thu, 04 Mar 2021 08:20:21 GMT'], b'Last-Modified': [b'Thu, 04 Mar 2021 08:20:21 GMT'], b'X-Scoop-Last-Modified': [b'2021-03-01T11:54:01.485Z'], b'X-Pagetype': [b'vi-story'], b'X-Xss-Protection': [b'1; mode=block'], b'X-Content-Type-Options': [b'nosniff'], b'Cache-Control': [b's-maxage=300,no-cache'], b'X-Nyt-Route': [b'vi-story'], b'X-Datadome-Timer': [b'S1614846543.877424,VS0,VE4'], b'X-Origin-Time': [b'2021-03-04 08:29:03 UTC'], b'Fastly-Restarts': [b'1'], b'Accept-Ranges': [b'bytes'], b'Date': [b'Thu, 04 Mar 2021 08:43:37 GMT'], b'Age': [b'1152'], b'X-Served-By': [b'cache-lga21947-LGA, cache-sin18041-SIN'], b'X-Cache': [b'HIT, HIT'], b'X-Cache-Hits': [b'1, 1'], b'X-Timer': [b'S1614847418.540810,VS0,VE6'], b'Vary': [b'Accept-Encoding, Fastly-SSL'], b'Set-Cookie': [b'nyt-a=IIJfSMYWCqlSFx0fRFTdbv; Expires=Fri, 04 Mar 2022 08:43:37 GMT; Path=/; Domain=.nytimes.com; SameSite=none; Secure', b'datadome=MYG2VMXvZHtGP2.SWoNLePCnRRzoWexuG.VDLATVSNhu2rZvXaCen8bNu7gHUHygcnoK-u.3-XmeXwPOuXstL7VN7OYeBcfsKW-rEPXSVo; Max-Age=31536000; Domain=.nytimes.com; Path=/; Secure; SameSite=Lax', b'nyt-gdpr=0; Expires=Thu, 04 Mar 2021 14:43:37 GMT; Path=/; Domain=.nytimes.com', b'nyt-purr=cfhhpfhhhuk; Expires=Fri, 04 Mar 2022 08:43:37 GMT; Path=/; Domain=.nytimes.com; SameSite=Lax; Secure', b'nyt-us=0; Expires=Thu, 04 Mar 2021 14:43:37 GMT; Path=/; Domain=.nytimes.com', b'nyt-geo=PH; Expires=Thu, 04 Mar 2021 14:43:37 GMT; Path=/; Domain=.nytimes.com'], b'X-Datadome': [b'protected'], b'X-Gdpr': [b'0'], b'X-Frame-Options': [b'DENY'], b'Onion-Location': [b'https://www.nytimes3xbfgragh.onion/2021/02/28/nyregion/cuomo-investigation-sex-harassment.html'], b'X-Api-Version': [b'F-F-VI'], b'Content-Security-Policy': [b"upgrade-insecure-requests; default-src data: 'unsafe-inline' 'unsafe-eval' https:; script-src data: 'unsafe-inline' 'unsafe-eval' https: blob:; style-src data: 'unsafe-inline' https:; img-src data: https: blob:; font-src data: https:; connect-src https: wss: blob:; media-src data: https: blob:; object-src https:; child-src https: data: blob:; form-action https:; report-uri https://csp.nytimes.com/report;"], b'Strict-Transport-Security': [b'max-age=63072000; preload']}
[D 210304 16:43:37 static_spider:113] {'proxy': 'http://124.6.129.135:80', 'download_timeout': 180.0, 'download_slot': 'www.nytimes.com', 'retry_times': 3, 'download_latency': 10.809457540512085, 'depth': 0}
[I 210304 16:50:47 static_spider:56] https://www.nytimes.com/2021/02/28/business/media/cable-tv-streaming-discovery.html scraped...
[I 210304 16:50:47 static_spider:57] Static article scraper done...
[I 210304 16:50:51 static_spider:68] {b'Accept': [b'application/json, text/javascript, */*; q=0.01'], b'Dnt': [b'1'], b'Accept-Encoding': [b'gzip, deflate, br'], b'Accept-Language': [b'en-GB,en-US;q=0.9,en;q=0.8'], b'User-Agent': [b'Scrapy/2.4.1 (+https://scrapy.org)']}
[I 210304 16:50:51 static_spider:69] {'download_timeout': 180.0, 'download_slot': 'www.nytimes.com', 'download_latency': 0.5501341819763184}
[I 210304 16:51:35 static_spider:56] https://www.nytimes.com/2021/02/28/business/media/cable-tv-streaming-discovery.html scraped...
[I 210304 16:51:35 static_spider:57] Static article scraper done...
[I 210304 16:51:40 static_spider:68] {b'Accept': [b'application/json, text/javascript, */*; q=0.01'], b'Dnt': [b'1'], b'Accept-Encoding': [b'gzip, deflate, br'], b'Accept-Language': [b'en-GB,en-US;q=0.9,en;q=0.8'], b'User-Agent': [b'Scrapy/2.4.1 (+https://scrapy.org)']}
[I 210304 16:51:40 static_spider:69] {'download_timeout': 180.0, 'download_slot': 'www.nytimes.com', 'download_latency': 0.36618852615356445}
[I 210304 16:51:40 static_spider:72] {b'Accept': [b'application/json, text/javascript, */*; q=0.01'], b'Dnt': [b'1'], b'Accept-Encoding': [b'gzip, deflate, br'], b'Accept-Language': [b'en-GB,en-US;q=0.9,en;q=0.8'], b'User-Agent': [b'Scrapy/2.4.1 (+https://scrapy.org)']}
[D 210304 16:51:40 static_spider:73] {'download_timeout': 180.0, 'download_slot': 'www.nytimes.com', 'download_latency': 0.36618852615356445}
[I 210304 16:51:58 static_spider:56] https://www.nytimes.com/2021/02/28/business/media/cable-tv-streaming-discovery.html scraped...
[I 210304 16:51:58 static_spider:57] Static article scraper done...
[I 210304 16:52:05 static_spider:68] {b'Accept': [b'application/json, text/javascript, */*; q=0.01'], b'Dnt': [b'1'], b'Accept-Encoding': [b'gzip, deflate, br'], b'Accept-Language': [b'en-GB,en-US;q=0.9,en;q=0.8'], b'User-Agent': [b'Scrapy/2.4.1 (+https://scrapy.org)']}
[I 210304 16:52:05 static_spider:69] {'download_timeout': 180.0, 'download_slot': 'www.nytimes.com', 'download_latency': 0.25304341316223145}
[I 210304 16:52:05 static_spider:72] {b'Accept': [b'application/json, text/javascript, */*; q=0.01'], b'Dnt': [b'1'], b'Accept-Encoding': [b'gzip, deflate, br'], b'Accept-Language': [b'en-GB,en-US;q=0.9,en;q=0.8'], b'User-Agent': [b'Scrapy/2.4.1 (+https://scrapy.org)']}
[D 210304 16:52:05 static_spider:73] {'download_timeout': 180.0, 'download_slot': 'www.nytimes.com', 'download_latency': 0.25304341316223145}
[I 210304 16:52:26 static_spider:56] https://www.nytimes.com/2021/02/28/business/media/cable-tv-streaming-discovery.html scraped...
[I 210304 16:52:26 static_spider:57] Static article scraper done...
[I 210304 16:52:33 static_spider:68] {b'Accept': [b'application/json, text/javascript, */*; q=0.01'], b'Dnt': [b'1'], b'Accept-Encoding': [b'gzip, deflate, br'], b'Accept-Language': [b'en-GB,en-US;q=0.9,en;q=0.8'], b'User-Agent': [b'Scrapy/2.4.1 (+https://scrapy.org)']}
[I 210304 16:52:33 static_spider:69] {'download_timeout': 180.0, 'download_slot': 'www.nytimes.com', 'download_latency': 0.37577152252197266}
[I 210304 16:52:33 static_spider:72] {b'Accept': [b'application/json, text/javascript, */*; q=0.01'], b'Dnt': [b'1'], b'Accept-Encoding': [b'gzip, deflate, br'], b'Accept-Language': [b'en-GB,en-US;q=0.9,en;q=0.8'], b'User-Agent': [b'Scrapy/2.4.1 (+https://scrapy.org)']}
[D 210304 16:52:33 static_spider:73] {'download_timeout': 180.0, 'download_slot': 'www.nytimes.com', 'download_latency': 0.37577152252197266}
[E 210304 16:52:59 static_spider:159] Skipping. Connnection error or Proxy API key expired.
[I 210304 16:54:07 static_spider:56] https://www.nytimes.com/2021/02/28/business/media/cable-tv-streaming-discovery.html scraped...
[I 210304 16:54:07 static_spider:57] Static article scraper done...
[I 210304 16:54:12 static_spider:66] {b'Accept': [b'application/json, text/javascript, */*; q=0.01'], b'Dnt': [b'1'], b'Accept-Encoding': [b'gzip, deflate, br'], b'Accept-Language': [b'en-GB,en-US;q=0.9,en;q=0.8'], b'User-Agent': [b'Scrapy/2.4.1 (+https://scrapy.org)']}
[D 210304 16:54:12 static_spider:67] {'download_timeout': 180.0, 'download_slot': 'www.nytimes.com', 'download_latency': 0.46338891983032227}
[I 210304 16:54:28 static_spider:56] https://www.nytimes.com/2021/02/28/business/media/cable-tv-streaming-discovery.html scraped...
[I 210304 16:54:28 static_spider:57] Static article scraper done...
[I 210304 16:54:33 static_spider:66] {b'Accept': [b'application/json, text/javascript, */*; q=0.01'], b'Dnt': [b'1'], b'Accept-Encoding': [b'gzip, deflate, br'], b'Accept-Language': [b'en-GB,en-US;q=0.9,en;q=0.8'], b'User-Agent': [b'Scrapy/2.4.1 (+https://scrapy.org)']}
[D 210304 16:54:33 static_spider:67] {'download_timeout': 180.0, 'download_slot': 'www.nytimes.com', 'download_latency': 0.1992506980895996}
[I 210304 16:55:19 static_spider:56] https://www.nytimes.com/2021/02/28/business/media/cable-tv-streaming-discovery.html scraped...
[I 210304 16:55:19 static_spider:57] Static article scraper done...
[I 210304 16:55:19 static_spider:110] {b'Accept': [b'application/json, text/javascript, */*; q=0.01'], b'Dnt': [b'1'], b'Accept-Encoding': [b'gzip, deflate, br'], b'Accept-Language': [b'en-GB,en-US;q=0.9,en;q=0.8'], b'User-Agent': [b'Scrapy/2.4.1 (+https://scrapy.org)']}
[D 210304 16:55:19 static_spider:111] {b'Server': [b'nginx'], b'Content-Type': [b'text/html; charset=utf-8'], b'X-Nyt-Data-Last-Modified': [b'Thu, 04 Mar 2021 08:51:33 GMT'], b'Last-Modified': [b'Thu, 04 Mar 2021 08:51:33 GMT'], b'X-Scoop-Last-Modified': [b'2021-03-01T16:08:11.713Z'], b'X-Pagetype': [b'vi-story'], b'X-Xss-Protection': [b'1; mode=block'], b'X-Content-Type-Options': [b'nosniff'], b'Cache-Control': [b's-maxage=300,no-cache'], b'X-Nyt-Route': [b'vi-story'], b'X-Datadome-Timer': [b'S1614847896.292319,VS0,VE4'], b'X-Origin-Time': [b'2021-03-04 08:51:36 UTC'], b'Fastly-Restarts': [b'1'], b'Accept-Ranges': [b'bytes'], b'Date': [b'Thu, 04 Mar 2021 08:55:19 GMT'], b'Age': [b'225'], b'X-Served-By': [b'cache-lga21977-LGA, cache-sin18021-SIN'], b'X-Cache': [b'HIT, HIT'], b'X-Cache-Hits': [b'1, 1'], b'X-Timer': [b'S1614848119.219477,VS0,VE6'], b'Vary': [b'Accept-Encoding, Fastly-SSL'], b'Set-Cookie': [b'nyt-a=CEf7c9Gc0oSpNRlqTv6hpz; Expires=Fri, 04 Mar 2022 08:55:19 GMT; Path=/; Domain=.nytimes.com; SameSite=none; Secure', b'datadome=GiFId.YBl7HijgrdEP0v2PGWIvh1WxPE9BeuyBCtYiJzO~zBgBWMBtq6KUF9SOomumEIywzZbKHjoEEcOmJic1NLC8ZN49anG8Lc-JIYk-; Max-Age=31536000; Domain=.nytimes.com; Path=/; Secure; SameSite=Lax', b'nyt-gdpr=0; Expires=Thu, 04 Mar 2021 14:55:19 GMT; Path=/; Domain=.nytimes.com', b'nyt-purr=cfhhpfhhhuk; Expires=Fri, 04 Mar 2022 08:55:19 GMT; Path=/; Domain=.nytimes.com; SameSite=Lax; Secure', b'nyt-us=0; Expires=Thu, 04 Mar 2021 14:55:19 GMT; Path=/; Domain=.nytimes.com', b'nyt-geo=PH; Expires=Thu, 04 Mar 2021 14:55:19 GMT; Path=/; Domain=.nytimes.com'], b'X-Datadome': [b'protected'], b'X-Gdpr': [b'0'], b'X-Frame-Options': [b'DENY'], b'Onion-Location': [b'https://www.nytimes3xbfgragh.onion/2021/02/28/business/media/cable-tv-streaming-discovery.html'], b'X-Api-Version': [b'F-F-VI'], b'Content-Security-Policy': [b"upgrade-insecure-requests; default-src data: 'unsafe-inline' 'unsafe-eval' https:; script-src data: 'unsafe-inline' 'unsafe-eval' https: blob:; style-src data: 'unsafe-inline' https:; img-src data: https: blob:; font-src data: https:; connect-src https: wss: blob:; media-src data: https: blob:; object-src https:; child-src https: data: blob:; form-action https:; report-uri https://csp.nytimes.com/report;"], b'Strict-Transport-Security': [b'max-age=63072000; preload']}
[D 210304 16:55:19 static_spider:112] {'download_timeout': 180.0, 'download_slot': 'www.nytimes.com', 'download_latency': 0.2332308292388916, 'depth': 0}
[I 210304 16:59:32 static_spider:56] https://www.nytimes.com/2021/02/28/business/media/cable-tv-streaming-discovery.html scraped...
[I 210304 16:59:32 static_spider:57] Static article scraper done...
[I 210304 16:59:33 static_spider:110] {b'Accept': [b'application/json, text/javascript, */*; q=0.01'], b'Dnt': [b'1'], b'Accept-Encoding': [b'gzip, deflate, br'], b'Accept-Language': [b'en-GB,en-US;q=0.9,en;q=0.8'], b'User-Agent': [b'Scrapy/2.4.1 (+https://scrapy.org)']}
[D 210304 16:59:33 static_spider:111] {b'Server': [b'nginx'], b'Content-Type': [b'text/html; charset=utf-8'], b'X-Nyt-Data-Last-Modified': [b'Thu, 04 Mar 2021 08:51:33 GMT'], b'Last-Modified': [b'Thu, 04 Mar 2021 08:51:33 GMT'], b'X-Scoop-Last-Modified': [b'2021-03-01T16:08:11.713Z'], b'X-Pagetype': [b'vi-story'], b'X-Xss-Protection': [b'1; mode=block'], b'X-Content-Type-Options': [b'nosniff'], b'Cache-Control': [b's-maxage=300,no-cache'], b'X-Nyt-Route': [b'vi-story'], b'X-Datadome-Timer': [b'S1614847920.517189,VS0,VE275'], b'X-Origin-Time': [b'2021-03-04 08:51:59 UTC'], b'Fastly-Restarts': [b'1'], b'Accept-Ranges': [b'bytes'], b'Date': [b'Thu, 04 Mar 2021 08:59:33 GMT'], b'Age': [b'479'], b'X-Served-By': [b'cache-lga13629-LGA, cache-hkg17923-HKG'], b'X-Cache': [b'HIT, HIT'], b'X-Cache-Hits': [b'1, 1'], b'X-Timer': [b'S1614848373.033930,VS0,VE289'], b'Vary': [b'Accept-Encoding, Fastly-SSL'], b'Set-Cookie': [b'nyt-a=qUdHxOOPrAxsZYhTU1_moH; Expires=Fri, 04 Mar 2022 08:59:33 GMT; Path=/; Domain=.nytimes.com; SameSite=none; Secure', b'nyt-gdpr=0; Expires=Thu, 04 Mar 2021 14:59:33 GMT; Path=/; Domain=.nytimes.com', b'nyt-purr=cfhhpfhhhuk; Expires=Fri, 04 Mar 2022 08:59:33 GMT; Path=/; Domain=.nytimes.com; SameSite=Lax; Secure', b'nyt-us=0; Expires=Thu, 04 Mar 2021 14:59:33 GMT; Path=/; Domain=.nytimes.com', b'nyt-geo=PH; Expires=Thu, 04 Mar 2021 14:59:33 GMT; Path=/; Domain=.nytimes.com'], b'X-Gdpr': [b'0'], b'X-Frame-Options': [b'DENY'], b'Onion-Location': [b'https://www.nytimes3xbfgragh.onion/2021/02/28/business/media/cable-tv-streaming-discovery.html'], b'X-Api-Version': [b'F-F-VI'], b'Content-Security-Policy': [b"upgrade-insecure-requests; default-src data: 'unsafe-inline' 'unsafe-eval' https:; script-src data: 'unsafe-inline' 'unsafe-eval' https: blob:; style-src data: 'unsafe-inline' https:; img-src data: https: blob:; font-src data: https:; connect-src https: wss: blob:; media-src data: https: blob:; object-src https:; child-src https: data: blob:; form-action https:; report-uri https://csp.nytimes.com/report;"], b'Strict-Transport-Security': [b'max-age=63072000; preload']}
[D 210304 16:59:33 static_spider:112] {'download_timeout': 180.0, 'download_slot': 'www.nytimes.com', 'download_latency': 0.5096938610076904, 'depth': 0}
[I 210304 17:12:26 static_spider:56] https://www.nytimes.com/2021/02/28/business/media/cable-tv-streaming-discovery.html scraped...
[I 210304 17:12:26 static_spider:57] Static article scraper done...
[I 210304 17:12:26 static_spider:110] {b'Accept': [b'application/json, text/javascript, */*; q=0.01'], b'Dnt': [b'1'], b'Accept-Encoding': [b'gzip, deflate, br'], b'Accept-Language': [b'en-GB,en-US;q=0.9,en;q=0.8'], b'User-Agent': [b'Scrapy/2.4.1 (+https://scrapy.org)']}
[D 210304 17:12:26 static_spider:111] {b'Server': [b'nginx'], b'Content-Type': [b'text/html; charset=utf-8'], b'X-Nyt-Data-Last-Modified': [b'Thu, 04 Mar 2021 09:02:53 GMT'], b'Last-Modified': [b'Thu, 04 Mar 2021 09:02:53 GMT'], b'X-Scoop-Last-Modified': [b'2021-03-01T16:08:11.713Z'], b'X-Pagetype': [b'vi-story'], b'X-Xss-Protection': [b'1; mode=block'], b'X-Content-Type-Options': [b'nosniff'], b'Cache-Control': [b's-maxage=300,no-cache'], b'X-Nyt-Route': [b'vi-story'], b'X-Datadome-Timer': [b'S1614848647.309732,VS0,VE4'], b'X-Origin-Time': [b'2021-03-04 09:04:07 UTC'], b'Fastly-Restarts': [b'1'], b'Accept-Ranges': [b'bytes'], b'Date': [b'Thu, 04 Mar 2021 09:12:26 GMT'], b'Age': [b'573'], b'X-Served-By': [b'cache-lga21962-LGA, cache-tyo11955-TYO'], b'X-Cache': [b'HIT, HIT'], b'X-Cache-Hits': [b'1, 1'], b'X-Timer': [b'S1614849147.509165,VS0,VE20'], b'Vary': [b'Accept-Encoding, Fastly-SSL'], b'Set-Cookie': [b'nyt-a=Bpae_MTe6BYWP22Vh1FQsg; Expires=Fri, 04 Mar 2022 09:12:26 GMT; Path=/; Domain=.nytimes.com; SameSite=none; Secure', b'datadome=YtZbaqkLkn3gXsPSgx3AZzfZNzyTd5h3irU-CwupCuDZ3femBbl-miSmg~gii~hO_VYXaUvAjm_1yPJr~mRMAbTpFSRPRggbJbH-9gTKjL; Max-Age=31536000; Domain=.nytimes.com; Path=/; Secure; SameSite=Lax', b'nyt-gdpr=0; Expires=Thu, 04 Mar 2021 15:12:26 GMT; Path=/; Domain=.nytimes.com', b'nyt-purr=cfhhpfhhhuk; Expires=Fri, 04 Mar 2022 09:12:26 GMT; Path=/; Domain=.nytimes.com; SameSite=Lax; Secure', b'nyt-us=0; Expires=Thu, 04 Mar 2021 15:12:26 GMT; Path=/; Domain=.nytimes.com', b'nyt-geo=PH; Expires=Thu, 04 Mar 2021 15:12:26 GMT; Path=/; Domain=.nytimes.com'], b'X-Datadome': [b'protected'], b'X-Gdpr': [b'0'], b'X-Frame-Options': [b'DENY'], b'Onion-Location': [b'https://www.nytimes3xbfgragh.onion/2021/02/28/business/media/cable-tv-streaming-discovery.html'], b'X-Api-Version': [b'F-F-VI'], b'Content-Security-Policy': [b"upgrade-insecure-requests; default-src data: 'unsafe-inline' 'unsafe-eval' https:; script-src data: 'unsafe-inline' 'unsafe-eval' https: blob:; style-src data: 'unsafe-inline' https:; img-src data: https: blob:; font-src data: https:; connect-src https: wss: blob:; media-src data: https: blob:; object-src https:; child-src https: data: blob:; form-action https:; report-uri https://csp.nytimes.com/report;"], b'Strict-Transport-Security': [b'max-age=63072000; preload']}
[D 210304 17:12:26 static_spider:112] {'download_timeout': 180.0, 'download_slot': 'www.nytimes.com', 'download_latency': 0.37634921073913574, 'depth': 0}
[I 210304 17:13:22 static_spider:56] https://www.nytimes.com/2021/02/28/business/media/cable-tv-streaming-discovery.html scraped...
[I 210304 17:13:22 static_spider:57] Static article scraper done...
[I 210304 17:13:24 static_spider:110] {b'Accept': [b'application/json, text/javascript, */*; q=0.01'], b'Dnt': [b'1'], b'Accept-Encoding': [b'gzip, deflate, br'], b'Accept-Language': [b'en-GB,en-US;q=0.9,en;q=0.8'], b'User-Agent': [b'Scrapy/2.4.1 (+https://scrapy.org)']}
[D 210304 17:13:24 static_spider:111] {b'Server': [b'nginx'], b'Content-Type': [b'text/html; charset=utf-8'], b'X-Nyt-Data-Last-Modified': [b'Thu, 04 Mar 2021 09:13:23 GMT'], b'Last-Modified': [b'Thu, 04 Mar 2021 09:13:23 GMT'], b'X-Scoop-Last-Modified': [b'2021-03-01T16:08:11.713Z'], b'X-Pagetype': [b'vi-story'], b'X-Xss-Protection': [b'1; mode=block'], b'X-Content-Type-Options': [b'nosniff'], b'Cache-Control': [b's-maxage=300,no-cache'], b'X-Nyt-Route': [b'vi-story'], b'X-Datadome-Timer': [b'S1614849203.799688,VS0,VE265'], b'X-Origin-Time': [b'2021-03-04 09:13:23 UTC'], b'Fastly-Restarts': [b'1'], b'Accept-Ranges': [b'bytes'], b'Date': [b'Thu, 04 Mar 2021 09:13:23 GMT'], b'Age': [b'0'], b'X-Served-By': [b'cache-lga21967-LGA, cache-hkg17931-HKG'], b'X-Cache': [b'MISS, MISS'], b'X-Cache-Hits': [b'0, 0'], b'X-Timer': [b'S1614849203.799688,VS0,VE913'], b'Vary': [b'Accept-Encoding, Fastly-SSL'], b'Set-Cookie': [b'nyt-a=Tm0v9_-MAj87QfwEmdEeTx; Expires=Fri, 04 Mar 2022 09:13:23 GMT; Path=/; Domain=.nytimes.com; SameSite=none; Secure', b'nyt-gdpr=0; Expires=Thu, 04 Mar 2021 15:13:23 GMT; Path=/; Domain=.nytimes.com', b'nyt-purr=cfhhpfhhhuk; Expires=Fri, 04 Mar 2022 09:13:23 GMT; Path=/; Domain=.nytimes.com; SameSite=Lax; Secure', b'nyt-us=0; Expires=Thu, 04 Mar 2021 15:13:23 GMT; Path=/; Domain=.nytimes.com', b'nyt-geo=PH; Expires=Thu, 04 Mar 2021 15:13:23 GMT; Path=/; Domain=.nytimes.com'], b'X-Gdpr': [b'0'], b'X-Frame-Options': [b'DENY'], b'Onion-Location': [b'https://www.nytimes3xbfgragh.onion/2021/02/28/business/media/cable-tv-streaming-discovery.html'], b'X-Api-Version': [b'F-F-VI'], b'Content-Security-Policy': [b"upgrade-insecure-requests; default-src data: 'unsafe-inline' 'unsafe-eval' https:; script-src data: 'unsafe-inline' 'unsafe-eval' https: blob:; style-src data: 'unsafe-inline' https:; img-src data: https: blob:; font-src data: https:; connect-src https: wss: blob:; media-src data: https: blob:; object-src https:; child-src https: data: blob:; form-action https:; report-uri https://csp.nytimes.com/report;"], b'Strict-Transport-Security': [b'max-age=63072000; preload']}
[D 210304 17:13:24 static_spider:112] {'download_timeout': 180.0, 'download_slot': 'www.nytimes.com', 'download_latency': 1.440291404724121, 'depth': 0}
[I 210304 17:13:55 static_spider:56] https://www.nytimes.com/2021/02/28/business/media/cable-tv-streaming-discovery.html scraped...
[I 210304 17:13:55 static_spider:57] Static article scraper done...
[I 210305 08:18:01 static_spider:58] https://www.nytimes.com/2021/02/28/business/media/cable-tv-streaming-discovery.html scraped...
[I 210305 08:18:01 static_spider:59] Static article scraper done...
[E 210305 08:26:45 static_spider:139] TimeoutError ----------------------------------------------------- TimeoutError
[I 210305 09:09:48 static_spider:58] https://www.nytimes.com/2021/02/28/business/media/cable-tv-streaming-discovery.html scraped...
[I 210305 09:09:48 static_spider:59] Static article scraper done...
[I 210305 09:19:03 static_spider:58] https://www.nytimes.com/2021/02/28/business/media/cable-tv-streaming-discovery.html scraped...
[I 210305 09:19:03 static_spider:59] Static article scraper done...
[I 210305 09:57:34 static_spider:58] https://www.nytimes.com/2021/02/28/business/media/cable-tv-streaming-discovery.html scraped...
[I 210305 09:57:34 static_spider:59] Static article scraper done...
[I 210305 09:58:57 static_spider:58] https://www.nytimes.com/2021/02/28/business/media/cable-tv-streaming-discovery.html scraped...
[I 210305 09:58:57 static_spider:59] Static article scraper done...
[I 210305 09:59:32 static_spider:112] {b'User-Agent': [b'Mozilla/4.0 (compatible MSIE 7.0 Windows NT 6.1 Trident/4.0 SLCC2 .NET CLR 2.0.50727 .NET CLR 3.5.30729 .NET CLR 3.0.30729 Media Center PC 6.0'], b'Accept': [b'application/json, text/javascript, */*; q=0.01'], b'Dnt': [b'1'], b'Accept-Encoding': [b'gzip, deflate, br'], b'Accept-Language': [b'en-GB,en-US;q=0.9,en;q=0.8']}
[D 210305 09:59:32 static_spider:113] {b'Server': [b'nginx'], b'Content-Type': [b'text/html; charset=utf-8'], b'X-Nyt-Data-Last-Modified': [b'Fri, 05 Mar 2021 01:59:31 GMT'], b'Last-Modified': [b'Fri, 05 Mar 2021 01:59:31 GMT'], b'X-Scoop-Last-Modified': [b'2021-03-01T16:08:11.713Z'], b'X-Pagetype': [b'vi-story'], b'X-Xss-Protection': [b'1; mode=block'], b'X-Content-Type-Options': [b'nosniff'], b'Cache-Control': [b's-maxage=300,no-cache'], b'X-Nyt-Route': [b'vi-story'], b'X-Datadome-Timer': [b'S1614909571.915210,VS0,VE3'], b'X-Origin-Time': [b'2021-03-05 01:59:31 UTC'], b'Fastly-Restarts': [b'1'], b'Accept-Ranges': [b'bytes'], b'Date': [b'Fri, 05 Mar 2021 01:59:31 GMT'], b'Age': [b'0'], b'X-Served-By': [b'cache-lga21981-LGA, cache-sin18048-SIN'], b'X-Cache': [b'MISS, MISS'], b'X-Cache-Hits': [b'0, 0'], b'X-Timer': [b'S1614909571.915210,VS0,VE968'], b'Vary': [b'Accept-Encoding, Fastly-SSL'], b'Set-Cookie': [b'nyt-a=VqOkNjVkNsp2jLTp8FgD5I; Expires=Sat, 05 Mar 2022 01:59:31 GMT; Path=/; Domain=.nytimes.com; SameSite=none; Secure', b'datadome=5jjM~~79V6gCuUXjLaMiJunZHfIb4ex4srQr4Q~7DQ29F7wmfaEW9vNj4S6bIe_w.VxgrPNt8oUpdqq4IgO.2~4IL95l70VqJDOuO7W5Ws; Max-Age=31536000; Domain=.nytimes.com; Path=/; Secure; SameSite=Lax', b'nyt-gdpr=0; Expires=Fri, 05 Mar 2021 07:59:31 GMT; Path=/; Domain=.nytimes.com', b'nyt-purr=cfhhpfhhhuk; Expires=Sat, 05 Mar 2022 01:59:31 GMT; Path=/; Domain=.nytimes.com; SameSite=Lax; Secure', b'nyt-us=0; Expires=Fri, 05 Mar 2021 07:59:31 GMT; Path=/; Domain=.nytimes.com', b'nyt-geo=PH; Expires=Fri, 05 Mar 2021 07:59:31 GMT; Path=/; Domain=.nytimes.com'], b'X-Datadome': [b'protected'], b'X-Gdpr': [b'0'], b'X-Frame-Options': [b'DENY'], b'Onion-Location': [b'https://www.nytimes3xbfgragh.onion/2021/02/28/business/media/cable-tv-streaming-discovery.html'], b'X-Api-Version': [b'F-F-VI'], b'Content-Security-Policy': [b"upgrade-insecure-requests; default-src data: 'unsafe-inline' 'unsafe-eval' https:; script-src data: 'unsafe-inline' 'unsafe-eval' https: blob:; style-src data: 'unsafe-inline' https:; img-src data: https: blob:; font-src data: https:; connect-src https: wss: blob:; media-src data: https: blob:; object-src https:; child-src https: data: blob:; form-action https:; report-uri https://csp.nytimes.com/report;"], b'Strict-Transport-Security': [b'max-age=63072000; preload']}
[D 210305 09:59:32 static_spider:114] {'proxy': 'http://124.107.184.25:3128', 'download_timeout': 180.0, 'download_slot': 'www.nytimes.com', 'download_latency': 34.40304970741272, 'depth': 0}
[I 210305 10:01:16 static_spider:58] https://www.nytimes.com/2021/02/28/business/media/cable-tv-streaming-discovery.html scraped...
[I 210305 10:01:16 static_spider:59] Static article scraper done...

[I 210305 10:05:43 static_spider:58] https://www.nytimes.com/2021/02/28/business/media/cable-tv-streaming-discovery.html scraped...
[I 210305 10:05:43 static_spider:59] Static article scraper done...
[I 210305 10:08:03 static_spider:58] https://www.nytimes.com/2021/02/28/business/media/cable-tv-streaming-discovery.html scraped...
[I 210305 10:08:03 static_spider:59] Static article scraper done...
[E 210305 10:10:00 static_spider:139] TimeoutError ----------------------------------------------------- TimeoutError
[I 210305 10:11:45 static_spider:68] {b'User-Agent': [b'Mozilla/4.0 (compatible MSIE 7.0 Windows NT 5.1 .NET CLR 1.1.4322)'], b'Accept': [b'application/json, text/javascript, */*; q=0.01'], b'Dnt': [b'1'], b'Accept-Encoding': [b'gzip, deflate, br'], b'Accept-Language': [b'en-GB,en-US;q=0.9,en;q=0.8']}
[D 210305 10:11:45 static_spider:69] {'proxy': 'http://27.110.167.164:8080', 'download_timeout': 180.0, 'download_slot': 'www.nytimes.com', 'retry_times': 1, 'download_latency': 70.70986413955688}
[I 210305 10:22:12 static_spider:58] https://www.nytimes.com/2021/02/28/business/media/cable-tv-streaming-discovery.html scraped...
[I 210305 10:22:12 static_spider:59] Static article scraper done...
[I 210305 10:22:36 static_spider:58] https://www.nytimes.com/2021/02/28/business/media/cable-tv-streaming-discovery.html scraped...
[I 210305 10:22:36 static_spider:59] Static article scraper done...
[I 210305 10:24:37 static_spider:58] https://www.nytimes.com/2021/02/28/business/media/cable-tv-streaming-discovery.html scraped...
[I 210305 10:24:37 static_spider:59] Static article scraper done...
[I 210305 10:24:53 static_spider:58] https://www.nytimes.com/2021/02/28/business/media/cable-tv-streaming-discovery.html scraped...
[I 210305 10:24:53 static_spider:59] Static article scraper done...
[I 210305 10:25:27 static_spider:58] https://www.nytimes.com/2021/02/28/business/media/cable-tv-streaming-discovery.html scraped...
[I 210305 10:25:27 static_spider:59] Static article scraper done...
[I 210305 10:26:45 static_spider:58] https://www.nytimes.com/2021/02/28/business/media/cable-tv-streaming-discovery.html scraped...
[I 210305 10:26:45 static_spider:59] Static article scraper done...
[I 210305 10:26:55 static_spider:94] {b'Accept': [b'application/json, text/javascript, */*; q=0.01'], b'Dnt': [b'1'], b'Accept-Encoding': [b'gzip, deflate, br'], b'Accept-Language': [b'en-GB,en-US;q=0.9,en;q=0.8'], b'User-Agent': [b'Scrapy/2.4.1 (+https://scrapy.org)']}
[D 210305 10:26:55 static_spider:95] {'download_timeout': 180.0, 'download_slot': 'www.nytimes.com', 'download_latency': 3.5377743244171143, 'depth': 0}
[I 210305 10:32:04 static_spider:56] https://www.nytimes.com/2021/02/28/business/media/cable-tv-streaming-discovery.html scraped...
[I 210305 10:32:04 static_spider:57] Static article scraper done...
[I 210305 10:32:34 static_spider:56] https://www.nytimes.com/2021/02/28/business/media/cable-tv-streaming-discovery.html scraped...
[I 210305 10:32:34 static_spider:57] Static article scraper done...
[I 210305 10:34:14 static_spider:56] https://www.nytimes.com/2021/02/28/business/media/cable-tv-streaming-discovery.html scraped...
[I 210305 10:34:14 static_spider:57] Static article scraper done...
[I 210305 10:35:14 static_spider:56] https://www.nytimes.com/2021/02/28/business/media/cable-tv-streaming-discovery.html scraped...
[I 210305 10:35:14 static_spider:57] Static article scraper done...
[I 210305 10:35:51 static_spider:56] https://www.nytimes.com/2021/02/28/business/media/cable-tv-streaming-discovery.html scraped...
[I 210305 10:35:51 static_spider:57] Static article scraper done...
[I 210305 10:35:57 static_spider:92] {b'Accept': [b'application/json, text/javascript, */*; q=0.01'], b'Dnt': [b'1'], b'Accept-Encoding': [b'gzip, deflate, br'], b'Accept-Language': [b'en-GB,en-US;q=0.9,en;q=0.8'], b'User-Agent': [b'Scrapy/2.4.1 (+https://scrapy.org)']}
[D 210305 10:35:57 static_spider:93] {'download_timeout': 180.0, 'download_slot': 'www.nytimes.com', 'download_latency': 0.3412618637084961, 'depth': 0}
[I 210305 10:37:09 static_spider:56] https://www.nytimes.com/2021/02/28/business/media/cable-tv-streaming-discovery.html scraped...
[I 210305 10:37:09 static_spider:57] Static article scraper done...
[I 210305 10:37:14 static_spider:92] {b'Accept': [b'application/json, text/javascript, */*; q=0.01'], b'Dnt': [b'1'], b'Accept-Encoding': [b'gzip, deflate, br'], b'Accept-Language': [b'en-GB,en-US;q=0.9,en;q=0.8'], b'User-Agent': [b'Scrapy/2.4.1 (+https://scrapy.org)']}
[D 210305 10:37:14 static_spider:93] {'download_timeout': 180.0, 'download_slot': 'www.nytimes.com', 'download_latency': 0.508411169052124, 'depth': 0}
[I 210305 10:38:49 static_spider:56] https://www.nytimes.com/2021/02/28/business/media/cable-tv-streaming-discovery.html scraped...
[I 210305 10:38:49 static_spider:57] Static article scraper done...
[I 210305 10:38:54 static_spider:92] {b'Accept': [b'application/json, text/javascript, */*; q=0.01'], b'Dnt': [b'1'], b'Accept-Encoding': [b'gzip, deflate, br'], b'Accept-Language': [b'en-GB,en-US;q=0.9,en;q=0.8'], b'User-Agent': [b'Scrapy/2.4.1 (+https://scrapy.org)']}
[D 210305 10:38:54 static_spider:93] {'download_timeout': 180.0, 'download_slot': 'www.nytimes.com', 'download_latency': 0.6113243103027344, 'depth': 0}
